2025-01-28 14:27:13.988 | INFO     | __main__:<module>:41 - Logging to file: logs/project_log.log
2025-01-28 14:27:13.988 | INFO     | __main__:main:63 - STARTING utils_logger.py
2025-01-28 14:27:13.988 | INFO     | __main__:log_example:54 - This is an example info message.
2025-01-28 14:27:13.988 | WARNING  | __main__:log_example:55 - This is an example warning message.
2025-01-28 14:27:13.988 | ERROR    | __main__:log_example:56 - This is an example error message.
2025-01-28 14:27:13.988 | INFO     | __main__:main:68 - View the log output at logs/project_log.log
2025-01-28 14:27:13.988 | INFO     | __main__:main:69 - EXITING utils_logger.py.
2025-01-28 14:27:26.813 | INFO     | utils_logger:<module>:41 - Logging to file: logs/project_log.log
2025-01-28 14:27:26.813 | INFO     | __main__:main:93 - Starting CSV fetch demonstration...
2025-01-28 14:27:26.814 | INFO     | __main__:fetch_csv_file:52 - Fetching CSV data from https://raw.githubusercontent.com/MainakRepositor/Datasets/master/World%20Happiness%20Data/2020.csv...
2025-01-28 14:27:27.227 | INFO     | __main__:write_csv_file:76 - Writing CSV data to example_data/2020_happiness.csv...
2025-01-28 14:27:27.230 | INFO     | __main__:write_csv_file:80 - SUCCESS: CSV data written to example_data/2020_happiness.csv
2025-01-28 14:27:27.230 | INFO     | __main__:fetch_csv_file:56 - SUCCESS: CSV file fetched and saved as 2020_happiness.csv
2025-01-30 08:50:11.958 | INFO     | utils_logger:<module>:41 - Logging to file: logs/project_log.log
2025-01-30 08:50:54.237 | INFO     | utils_logger:<module>:41 - Logging to file: logs/project_log.log
2025-01-30 09:52:59.068 | INFO     | utils_logger:<module>:41 - Logging to file: logs/project_log.log
2025-01-30 09:52:59.068 | INFO     | __main__:main:63 - Starting CSV fetch demonstration...
2025-01-30 09:52:59.068 | INFO     | __main__:fetch_csv_file:23 - Fetching CSV data from https://www.nhtsa.gov/sites/nhtsa.dot.gov/files/documents/ev-population-by-make-2020.csv...
2025-01-30 09:53:00.160 | ERROR    | __main__:fetch_csv_file:32 - HTTP error occurred: 404 Client Error: Not Found for url: https://www.nhtsa.gov/sites/nhtsa.gov/files/documents/ev-population-by-make-2020.csv
2025-01-30 09:53:55.560 | INFO     | utils_logger:<module>:41 - Logging to file: logs/project_log.log
2025-01-30 09:53:55.561 | INFO     | __main__:main:63 - Starting CSV fetch demonstration...
2025-01-30 09:53:55.561 | INFO     | __main__:fetch_csv_file:23 - Fetching CSV data from https://catalog.data.gov/dataset/electric-vehicle-population-data...
2025-01-30 09:54:00.943 | INFO     | __main__:write_csv_file:48 - Writing CSV data to example_data/ev_population_data.csv...
2025-01-30 09:54:00.944 | INFO     | __main__:write_csv_file:52 - SUCCESS: CSV data written to example_data/ev_population_data.csv
2025-01-30 09:54:00.944 | INFO     | __main__:fetch_csv_file:30 - SUCCESS: CSV file fetched and saved as ev_population_data.csv
2025-01-30 10:24:01.824 | INFO     | utils_logger:<module>:41 - Logging to file: logs/project_log.log
2025-01-30 10:34:41.650 | INFO     | utils_logger:<module>:41 - Logging to file: logs/project_log.log
2025-01-30 10:34:41.650 | INFO     | __main__:main:71 - Starting Excel fetch demonstration...
2025-01-30 10:34:41.650 | INFO     | __main__:fetch_excel_file:30 - Fetching Excel data from https://catalog.data.gov/dataset/annual-electricity-price-by-state...
2025-01-30 10:34:50.755 | INFO     | __main__:write_excel_file:54 - Writing Excel data to example_data/avgprice_annual.xlsx...
2025-01-30 10:34:50.757 | INFO     | __main__:write_excel_file:58 - SUCCESS: Excel data written to example_data/avgprice_annual.xlsx
2025-01-30 10:34:50.757 | INFO     | __main__:fetch_excel_file:34 - SUCCESS: Excel file fetched and saved as avgprice_annual.xlsx
2025-01-30 10:39:28.401 | INFO     | utils_logger:<module>:41 - Logging to file: logs/project_log.log
2025-01-30 10:44:57.321 | INFO     | utils_logger:<module>:41 - Logging to file: logs/project_log.log
2025-01-30 10:44:57.322 | INFO     | __main__:main:72 - Starting JSON fetch demonstration...
2025-01-30 10:44:57.322 | INFO     | __main__:fetch_json_file:31 - Fetching JSON data from https://data.cdc.gov/api/views/yni7-er2q/rows.json?accessType=DOWNLOAD...
2025-01-30 10:44:58.064 | INFO     | __main__:write_json_file:55 - Writing JSON data to example_data/rows.json...
2025-01-30 10:44:58.136 | INFO     | __main__:write_json_file:59 - SUCCESS: JSON data written to example_data/rows.json
2025-01-30 10:44:58.138 | INFO     | __main__:fetch_json_file:35 - SUCCESS: JSON file fetched and saved as rows.json
2025-01-30 10:50:36.006 | INFO     | utils_logger:<module>:41 - Logging to file: logs/project_log.log
2025-01-30 10:50:36.007 | INFO     | __main__:main:93 - Starting text fetch demonstration...
2025-01-30 10:50:36.007 | INFO     | __main__:fetch_txt_file:52 - Fetching text data from https://www.gutenberg.org/cache/epub/8905/pg8905.txt...
2025-01-30 10:50:36.427 | INFO     | __main__:write_txt_file:76 - Writing data to example_data/pg8905.txt...
2025-01-30 10:50:36.431 | INFO     | __main__:write_txt_file:80 - SUCCESS: Data written to example_data/pg8905.txt
2025-01-30 10:50:36.432 | INFO     | __main__:fetch_txt_file:56 - SUCCESS: Text file fetched and saved as pg8905.txt
2025-01-30 13:41:41.622 | INFO     | utils_logger:<module>:41 - Logging to file: logs/project_log.log
2025-01-30 13:41:50.354 | INFO     | utils_logger:<module>:41 - Logging to file: logs/project_log.log
2025-01-30 13:57:28.150 | INFO     | utils_logger:<module>:41 - Logging to file: logs/project_log.log
2025-01-30 14:01:41.359 | INFO     | utils_logger:<module>:41 - Logging to file: logs/project_log.log
2025-01-30 14:02:30.260 | INFO     | utils_logger:<module>:41 - Logging to file: logs/project_log.log
2025-01-30 14:03:30.276 | INFO     | utils_logger:<module>:41 - Logging to file: logs/project_log.log
2025-01-30 14:08:40.451 | INFO     | utils_logger:<module>:41 - Logging to file: logs/project_log.log
2025-01-30 14:09:22.851 | INFO     | utils_logger:<module>:41 - Logging to file: logs/project_log.log
2025-01-30 14:09:57.362 | INFO     | utils_logger:<module>:41 - Logging to file: logs/project_log.log
2025-01-30 14:11:32.415 | INFO     | utils_logger:<module>:41 - Logging to file: logs/project_log.log
2025-01-30 14:12:03.783 | INFO     | utils_logger:<module>:41 - Logging to file: logs/project_log.log
2025-01-30 14:12:10.946 | INFO     | utils_logger:<module>:41 - Logging to file: logs/project_log.log
2025-01-30 14:12:51.399 | INFO     | utils_logger:<module>:41 - Logging to file: logs/project_log.log
2025-01-30 14:12:51.399 | INFO     | __main__:<module>:82 - Starting CSV processing...
2025-01-30 14:12:51.399 | ERROR    | __main__:analyze_ladder_score:57 - Error processing CSV file: [Errno 20] Not a directory: 'example_data/ev_population_data.csv/2020_happiness.csv'
2025-01-30 14:13:38.778 | INFO     | utils_logger:<module>:41 - Logging to file: logs/project_log.log
2025-01-30 14:18:37.561 | INFO     | utils_logger:<module>:41 - Logging to file: logs/project_log.log
2025-01-30 14:18:37.562 | INFO     | __main__:main:82 - Starting analysis of Electric Vehicle Population Data...
2025-01-30 14:18:37.562 | INFO     | __main__:load_data:36 - Loading data from example_data/ev_population_data.csv...
2025-01-30 14:18:37.563 | ERROR    | __main__:load_data:41 - Error loading data: Error tokenizing data. C error: Expected 1 fields in line 5, saw 8

2025-01-30 14:18:37.565 | ERROR    | __main__:analyze_top_5_car_makes:56 - The dataset is empty.
2025-01-30 14:24:14.730 | INFO     | utils_logger:<module>:41 - Logging to file: logs/project_log.log
2025-01-30 14:24:14.730 | INFO     | __main__:main:82 - Starting analysis of Electric Vehicle Population Data...
2025-01-30 14:24:14.731 | INFO     | __main__:load_data:36 - Loading data from ev_population_data.csv...
2025-01-30 14:24:14.731 | ERROR    | __main__:load_data:41 - Error loading data: [Errno 2] No such file or directory: 'ev_population_data.csv'
2025-01-30 14:24:14.732 | ERROR    | __main__:analyze_top_5_car_makes:56 - The dataset is empty.
2025-01-30 14:24:24.364 | INFO     | utils_logger:<module>:41 - Logging to file: logs/project_log.log
2025-01-30 14:24:24.364 | INFO     | __main__:main:82 - Starting analysis of Electric Vehicle Population Data...
2025-01-30 14:24:24.364 | INFO     | __main__:load_data:36 - Loading data from ev_population_data.csv...
2025-01-30 14:24:24.364 | ERROR    | __main__:load_data:41 - Error loading data: [Errno 2] No such file or directory: 'ev_population_data.csv'
2025-01-30 14:24:24.365 | ERROR    | __main__:analyze_top_5_car_makes:56 - The dataset is empty.
2025-01-30 14:24:39.321 | INFO     | utils_logger:<module>:41 - Logging to file: logs/project_log.log
2025-01-30 14:24:39.321 | INFO     | __main__:main:82 - Starting analysis of Electric Vehicle Population Data...
2025-01-30 14:24:39.321 | INFO     | __main__:load_data:36 - Loading data from ev_population_data.csv...
2025-01-30 14:24:39.322 | ERROR    | __main__:load_data:41 - Error loading data: [Errno 2] No such file or directory: 'ev_population_data.csv'
2025-01-30 14:24:39.323 | ERROR    | __main__:analyze_top_5_car_makes:56 - The dataset is empty.
2025-01-30 14:25:11.853 | INFO     | utils_logger:<module>:41 - Logging to file: logs/project_log.log
2025-01-30 14:27:58.739 | INFO     | utils_logger:<module>:41 - Logging to file: logs/project_log.log
2025-01-30 14:29:20.100 | INFO     | utils_logger:<module>:41 - Logging to file: logs/project_log.log
2025-01-30 14:29:49.768 | INFO     | utils_logger:<module>:41 - Logging to file: logs/project_log.log
2025-01-30 14:30:18.567 | INFO     | utils_logger:<module>:41 - Logging to file: logs/project_log.log
2025-01-30 14:30:26.729 | INFO     | utils_logger:<module>:41 - Logging to file: logs/project_log.log
2025-01-30 14:30:35.717 | INFO     | utils_logger:<module>:41 - Logging to file: logs/project_log.log
2025-01-30 14:30:36.804 | INFO     | utils_logger:<module>:41 - Logging to file: logs/project_log.log
2025-01-30 14:30:37.725 | INFO     | utils_logger:<module>:41 - Logging to file: logs/project_log.log
2025-01-30 14:30:38.573 | INFO     | utils_logger:<module>:41 - Logging to file: logs/project_log.log
2025-01-30 14:31:26.698 | INFO     | utils_logger:<module>:41 - Logging to file: logs/project_log.log
2025-01-30 14:31:34.693 | INFO     | utils_logger:<module>:41 - Logging to file: logs/project_log.log
2025-01-30 14:31:50.501 | INFO     | utils_logger:<module>:41 - Logging to file: logs/project_log.log
2025-01-30 14:32:51.737 | INFO     | utils_logger:<module>:41 - Logging to file: logs/project_log.log
2025-01-30 14:35:06.171 | INFO     | utils_logger:<module>:41 - Logging to file: logs/project_log.log
2025-01-30 14:35:27.976 | INFO     | utils_logger:<module>:41 - Logging to file: logs/project_log.log
2025-01-30 14:35:58.540 | INFO     | utils_logger:<module>:41 - Logging to file: logs/project_log.log
2025-01-30 14:41:55.886 | INFO     | utils_logger:<module>:41 - Logging to file: logs/project_log.log
2025-01-30 14:41:59.043 | INFO     | utils_logger:<module>:41 - Logging to file: logs/project_log.log
2025-01-30 14:42:27.240 | INFO     | utils_logger:<module>:41 - Logging to file: logs/project_log.log
2025-01-30 14:43:10.237 | INFO     | utils_logger:<module>:41 - Logging to file: logs/project_log.log
2025-01-30 14:45:52.051 | INFO     | utils_logger:<module>:41 - Logging to file: logs/project_log.log
2025-01-30 14:45:58.783 | INFO     | utils_logger:<module>:41 - Logging to file: logs/project_log.log
2025-01-30 14:46:08.743 | INFO     | utils_logger:<module>:41 - Logging to file: logs/project_log.log
2025-01-30 14:46:58.210 | INFO     | utils_logger:<module>:41 - Logging to file: logs/project_log.log
2025-01-30 14:47:48.689 | INFO     | utils_logger:<module>:41 - Logging to file: logs/project_log.log
2025-01-31 09:33:44.932 | INFO     | utils_logger:<module>:41 - Logging to file: logs/project_log.log
2025-01-31 09:33:44.932 | INFO     | __main__:<module>:78 - Starting CSV processing...
2025-01-31 09:33:44.933 | INFO     | __main__:process_csv_file:71 - Processed CSV file: example_data/2020_happiness.csv, Statistics saved to: example_processed/happiness_ladder_score_stats.txt
2025-01-31 09:33:44.933 | INFO     | __main__:<module>:80 - CSV processing complete.
2025-01-31 09:38:51.982 | INFO     | utils_logger:<module>:41 - Logging to file: logs/project_log.log
2025-01-31 09:39:37.964 | INFO     | utils_logger:<module>:41 - Logging to file: logs/project_log.log
2025-01-31 09:40:04.017 | INFO     | utils_logger:<module>:41 - Logging to file: logs/project_log.log
2025-01-31 09:40:28.558 | INFO     | utils_logger:<module>:41 - Logging to file: logs/project_log.log
2025-01-31 09:41:07.427 | INFO     | utils_logger:<module>:41 - Logging to file: logs/project_log.log
2025-01-31 09:41:28.702 | INFO     | utils_logger:<module>:41 - Logging to file: logs/project_log.log
2025-01-31 09:59:56.872 | INFO     | utils_logger:<module>:41 - Logging to file: logs/project_log.log
2025-01-31 09:59:56.873 | INFO     | __main__:main:63 - Starting CSV fetch demonstration...
2025-01-31 09:59:56.873 | INFO     | __main__:fetch_csv_file:23 - Fetching CSV data from https://www.fdic.gov/bank-failures/failed-bank-list...
2025-01-31 09:59:57.153 | INFO     | __main__:write_csv_file:48 - Writing CSV data to example_data/download-data.csv...
2025-01-31 09:59:57.154 | INFO     | __main__:write_csv_file:52 - SUCCESS: CSV data written to example_data/download-data.csv
2025-01-31 09:59:57.154 | INFO     | __main__:fetch_csv_file:30 - SUCCESS: CSV file fetched and saved as download-data.csv
2025-01-31 10:12:38.883 | INFO     | utils_logger:<module>:41 - Logging to file: logs/project_log.log
2025-01-31 10:13:29.765 | INFO     | utils_logger:<module>:41 - Logging to file: logs/project_log.log
2025-01-31 10:18:36.946 | INFO     | utils_logger:<module>:41 - Logging to file: logs/project_log.log
2025-01-31 10:18:54.968 | INFO     | utils_logger:<module>:41 - Logging to file: logs/project_log.log
2025-01-31 10:20:42.883 | INFO     | utils_logger:<module>:41 - Logging to file: logs/project_log.log
2025-01-31 10:21:45.400 | INFO     | utils_logger:<module>:41 - Logging to file: logs/project_log.log
2025-01-31 10:25:09.176 | INFO     | utils_logger:<module>:41 - Logging to file: logs/project_log.log
2025-01-31 10:25:23.450 | INFO     | utils_logger:<module>:41 - Logging to file: logs/project_log.log
2025-01-31 10:25:32.610 | INFO     | utils_logger:<module>:41 - Logging to file: logs/project_log.log
2025-01-31 10:25:39.002 | INFO     | utils_logger:<module>:41 - Logging to file: logs/project_log.log
2025-01-31 10:25:52.163 | INFO     | utils_logger:<module>:41 - Logging to file: logs/project_log.log
2025-01-31 10:26:09.573 | INFO     | utils_logger:<module>:41 - Logging to file: logs/project_log.log
2025-01-31 10:26:59.216 | INFO     | utils_logger:<module>:41 - Logging to file: logs/project_log.log
2025-01-31 10:44:15.539 | INFO     | utils_logger:<module>:41 - Logging to file: logs/project_log.log
2025-01-31 10:44:15.539 | INFO     | __main__:main:63 - Starting CSV fetch demonstration...
2025-01-31 10:44:15.539 | INFO     | __main__:fetch_csv_file:23 - Fetching CSV data from https://www.kaggle.com/datasets/anandshaw2001/netflix-movies-and-tv-shows...
2025-01-31 10:44:15.767 | INFO     | __main__:write_csv_file:48 - Writing CSV data to example_data/netflix-titles.csv...
2025-01-31 10:44:15.768 | INFO     | __main__:write_csv_file:52 - SUCCESS: CSV data written to example_data/netflix-titles.csv
2025-01-31 10:44:15.768 | INFO     | __main__:fetch_csv_file:30 - SUCCESS: CSV file fetched and saved as netflix-titles.csv
2025-01-31 10:48:24.801 | INFO     | utils_logger:<module>:41 - Logging to file: logs/project_log.log
2025-01-31 10:48:53.314 | INFO     | utils_logger:<module>:41 - Logging to file: logs/project_log.log
2025-01-31 10:49:08.175 | INFO     | utils_logger:<module>:41 - Logging to file: logs/project_log.log
2025-01-31 10:51:13.430 | INFO     | utils_logger:<module>:41 - Logging to file: logs/project_log.log
2025-01-31 10:52:31.252 | INFO     | utils_logger:<module>:41 - Logging to file: logs/project_log.log
2025-01-31 10:52:58.410 | INFO     | utils_logger:<module>:41 - Logging to file: logs/project_log.log
2025-01-31 12:02:01.380 | INFO     | utils_logger:<module>:41 - Logging to file: logs/project_log.log
2025-01-31 12:05:04.981 | INFO     | utils_logger:<module>:41 - Logging to file: logs/project_log.log
2025-01-31 12:09:13.173 | INFO     | utils_logger:<module>:41 - Logging to file: logs/project_log.log
2025-01-31 12:11:35.417 | INFO     | utils_logger:<module>:41 - Logging to file: logs/project_log.log
2025-02-01 10:12:39.604 | INFO     | utils_logger:<module>:41 - Logging to file: logs/project_log.log
2025-02-01 10:23:15.571 | INFO     | utils_logger:<module>:41 - Logging to file: logs/project_log.log
2025-02-01 10:25:26.757 | INFO     | utils_logger:<module>:41 - Logging to file: logs/project_log.log
2025-02-01 10:25:47.927 | INFO     | utils_logger:<module>:41 - Logging to file: logs/project_log.log
2025-02-01 10:30:46.380 | INFO     | utils_logger:<module>:41 - Logging to file: logs/project_log.log
2025-02-01 10:47:26.025 | INFO     | utils_logger:<module>:41 - Logging to file: logs/project_log.log
2025-02-01 10:47:26.025 | INFO     | __main__:main:93 - Starting Excel fetch demonstration...
2025-02-01 10:47:26.025 | INFO     | __main__:fetch_excel_file:52 - Fetching Excel data from https://github.com/LFoster03/bike_store_sales/blob/main/bike_store_sales.xlsx...
2025-02-01 10:47:26.434 | INFO     | __main__:write_excel_file:76 - Writing Excel data to example_data/bike_store_sales.xlsx...
2025-02-01 10:47:26.436 | INFO     | __main__:write_excel_file:80 - SUCCESS: Excel data written to example_data/bike_store_sales.xlsx
2025-02-01 10:47:26.436 | INFO     | __main__:fetch_excel_file:56 - SUCCESS: Excel file fetched and saved as bike_store_sales.xlsx
2025-02-01 10:57:19.947 | INFO     | utils_logger:<module>:41 - Logging to file: logs/project_log.log
2025-02-01 11:06:43.386 | INFO     | utils_logger:<module>:41 - Logging to file: logs/project_log.log
2025-02-01 11:06:43.386 | INFO     | __main__:<module>:61 - Starting Excel processing...
2025-02-01 11:06:43.387 | ERROR    | __main__:count_word_in_column:41 - Error reading Excel file: File is not a zip file
2025-02-01 11:06:43.387 | INFO     | __main__:process_excel_file:54 - Processed Excel file: example_data/bike_store_sales.xlsx, Word count saved to: fosterl_processed/excel_sales_US_count.txt
2025-02-01 11:06:43.387 | INFO     | __main__:<module>:63 - Excel processing complete.
2025-02-01 11:15:56.348 | INFO     | utils_logger:<module>:41 - Logging to file: logs/project_log.log
2025-02-01 11:15:56.349 | INFO     | __main__:main:93 - Starting Excel fetch demonstration...
2025-02-01 11:15:56.349 | INFO     | __main__:fetch_excel_file:52 - Fetching Excel data from https://iowastate-my.sharepoint.com/:x:/r/personal/lfoster1_iastate_edu/Documents/CyIO/CyIO%20faculty.xlsx?d=w63e59316f78544b6853f6d23d2487b22&csf=1&web=1&e=bQEvhY...
2025-02-01 11:15:56.610 | ERROR    | __main__:fetch_excel_file:58 - HTTP error occurred: 403 Client Error: FORBIDDEN for url: https://iowastate-my.sharepoint.com/:x:/r/personal/lfoster1_iastate_edu/Documents/CyIO/CyIO%20faculty.xlsx?d=w63e59316f78544b6853f6d23d2487b22&csf=1&web=1&e=bQEvhY
2025-02-01 11:23:56.094 | INFO     | utils_logger:<module>:41 - Logging to file: logs/project_log.log
2025-02-01 11:23:56.094 | INFO     | __main__:main:93 - Starting Excel fetch demonstration...
2025-02-01 11:23:56.094 | INFO     | __main__:fetch_excel_file:52 - Fetching Excel data from https://studentaid.gov/sites/default/files/fsawg/datacenter/library/LocationofFFELPLoans.xls...
2025-02-01 11:24:33.050 | INFO     | utils_logger:<module>:41 - Logging to file: logs/project_log.log
2025-02-01 11:24:33.050 | INFO     | __main__:main:93 - Starting Excel fetch demonstration...
2025-02-01 11:24:33.051 | INFO     | __main__:fetch_excel_file:52 - Fetching Excel data from https://studentaid.gov/sites/default/files/fsawg/datacenter/library/LocationofFFELPLoans.xls...
2025-02-01 11:24:53.446 | INFO     | utils_logger:<module>:41 - Logging to file: logs/project_log.log
2025-02-01 11:24:53.446 | INFO     | __main__:main:93 - Starting Excel fetch demonstration...
2025-02-01 11:24:53.446 | INFO     | __main__:fetch_excel_file:52 - Fetching Excel data from https://studentaid.gov/sites/default/files/fsawg/datacenter/library/LocationofFFELPLoans.xls...
2025-02-01 11:25:57.508 | INFO     | utils_logger:<module>:41 - Logging to file: logs/project_log.log
2025-02-01 11:25:57.509 | INFO     | __main__:main:93 - Starting Excel fetch demonstration...
2025-02-01 11:25:57.509 | INFO     | __main__:fetch_excel_file:52 - Fetching Excel data from https://studentaid.gov/sites/default/files/fsawg/datacenter/library/LocationofFFELPLoans.xls...
2025-02-01 11:26:26.692 | ERROR    | __main__:fetch_excel_file:60 - Request error occurred: HTTPSConnectionPool(host='studentaid.gov', port=443): Read timed out. (read timeout=None)
2025-02-01 11:31:44.095 | INFO     | utils_logger:<module>:41 - Logging to file: logs/project_log.log
2025-02-01 11:31:44.095 | INFO     | __main__:main:93 - Starting Excel fetch demonstration...
2025-02-01 11:31:44.095 | INFO     | __main__:fetch_excel_file:52 - Fetching Excel data from https://raw.githubusercontent.com/denisecase/datafun-03-analytics/main/hosted/Feedback.xlsx...
2025-02-01 11:31:44.257 | INFO     | __main__:write_excel_file:76 - Writing Excel data to example_data/feedback.xlsx...
2025-02-01 11:31:44.257 | INFO     | __main__:write_excel_file:80 - SUCCESS: Excel data written to example_data/feedback.xlsx
2025-02-01 11:31:44.257 | INFO     | __main__:fetch_excel_file:56 - SUCCESS: Excel file fetched and saved as feedback.xlsx
2025-02-01 11:33:40.017 | INFO     | utils_logger:<module>:41 - Logging to file: logs/project_log.log
2025-02-01 11:33:40.017 | INFO     | __main__:<module>:61 - Starting Excel processing...
2025-02-01 11:33:40.026 | INFO     | __main__:process_excel_file:54 - Processed Excel file: example_data/feedback.xlsx, Word count saved to: example_processed/excel_feedback_discussions_count.txt
2025-02-01 11:33:40.026 | INFO     | __main__:<module>:63 - Excel processing complete.
